{"/Users/maxlong/Documents/code/bootCamp/finnal-project/Gamestagram/client/components/Footer.tsx": {"path":"/Users/maxlong/Documents/code/bootCamp/finnal-project/Gamestagram/client/components/Footer.tsx","statementMap":{"0":{"start":{"line":3,"column":2},"end":{"line":40,"column":null}},"1":{"start":{"line":2,"column":0},"end":{"line":2,"column":24}}},"fnMap":{"0":{"name":"Footer","decl":{"start":{"line":2,"column":24},"end":{"line":2,"column":30}},"loc":{"start":{"line":2,"column":30},"end":{"line":41,"column":1}}}},"branchMap":{},"s":{"0":1,"1":1},"f":{"0":1},"b":{}}
,"/Users/maxlong/Documents/code/bootCamp/finnal-project/Gamestagram/client/components/GameCard.tsx": {"path":"/Users/maxlong/Documents/code/bootCamp/finnal-project/Gamestagram/client/components/GameCard.tsx","statementMap":{"0":{"start":{"line":2,"column":0},"end":{"line":2,"column":38}},"1":{"start":{"line":8,"column":18},"end":{"line":8,"column":46}},"2":{"start":{"line":9,"column":4},"end":{"line":9,"column":null}},"3":{"start":{"line":13,"column":2},"end":{"line":38,"column":null}},"4":{"start":{"line":41,"column":0},"end":{"line":41,"column":null}}},"fnMap":{"0":{"name":"GameCard","decl":{"start":{"line":5,"column":9},"end":{"line":5,"column":17}},"loc":{"start":{"line":5,"column":44},"end":{"line":39,"column":1}}},"1":{"name":"filterOutTags","decl":{"start":{"line":6,"column":11},"end":{"line":6,"column":24}},"loc":{"start":{"line":6,"column":38},"end":{"line":10,"column":3}}}},"branchMap":{},"s":{"0":1,"1":3,"2":3,"3":3,"4":1},"f":{"0":3,"1":3},"b":{}}
,"/Users/maxlong/Documents/code/bootCamp/finnal-project/Gamestagram/client/components/subcomponents/ImageBanner.tsx": {"path":"/Users/maxlong/Documents/code/bootCamp/finnal-project/Gamestagram/client/components/subcomponents/ImageBanner.tsx","statementMap":{"0":{"start":{"line":7,"column":2},"end":{"line":18,"column":null}},"1":{"start":{"line":6,"column":0},"end":{"line":6,"column":24}}},"fnMap":{"0":{"name":"ImageBanner","decl":{"start":{"line":6,"column":24},"end":{"line":6,"column":35}},"loc":{"start":{"line":6,"column":56},"end":{"line":19,"column":1}}}},"branchMap":{},"s":{"0":1,"1":1},"f":{"0":1},"b":{}}
,"/Users/maxlong/Documents/code/bootCamp/finnal-project/Gamestagram/server/server.ts": {"path":"/Users/maxlong/Documents/code/bootCamp/finnal-project/Gamestagram/server/server.ts","statementMap":{"0":{"start":{"line":1,"column":0},"end":{"line":1,"column":29}},"1":{"start":{"line":2,"column":0},"end":{"line":2,"column":23}},"2":{"start":{"line":3,"column":0},"end":{"line":3,"column":32}},"3":{"start":{"line":4,"column":0},"end":{"line":4,"column":32}},"4":{"start":{"line":5,"column":0},"end":{"line":5,"column":36}},"5":{"start":{"line":6,"column":0},"end":{"line":6,"column":34}},"6":{"start":{"line":7,"column":0},"end":{"line":7,"column":34}},"7":{"start":{"line":8,"column":0},"end":{"line":8,"column":43}},"8":{"start":{"line":10,"column":15},"end":{"line":10,"column":24}},"9":{"start":{"line":11,"column":0},"end":{"line":11,"column":null}},"10":{"start":{"line":12,"column":0},"end":{"line":12,"column":null}},"11":{"start":{"line":13,"column":0},"end":{"line":13,"column":null}},"12":{"start":{"line":15,"column":0},"end":{"line":15,"column":null}},"13":{"start":{"line":16,"column":0},"end":{"line":16,"column":null}},"14":{"start":{"line":17,"column":0},"end":{"line":17,"column":null}},"15":{"start":{"line":18,"column":0},"end":{"line":18,"column":null}},"16":{"start":{"line":20,"column":0},"end":{"line":23,"column":null}},"17":{"start":{"line":21,"column":18},"end":{"line":21,"column":62}},"18":{"start":{"line":22,"column":2},"end":{"line":22,"column":null}},"19":{"start":{"line":25,"column":0},"end":{"line":25,"column":null}}},"fnMap":{"0":{"name":"(anonymous_7)","decl":{"start":{"line":20,"column":16},"end":{"line":20,"column":17}},"loc":{"start":{"line":20,"column":29},"end":{"line":23,"column":1}}}},"branchMap":{},"s":{"0":1,"1":1,"2":1,"3":1,"4":1,"5":1,"6":1,"7":1,"8":1,"9":1,"10":1,"11":1,"12":1,"13":1,"14":1,"15":1,"16":1,"17":0,"18":0,"19":1},"f":{"0":0},"b":{}}
,"/Users/maxlong/Documents/code/bootCamp/finnal-project/Gamestagram/server/db/connection.ts": {"path":"/Users/maxlong/Documents/code/bootCamp/finnal-project/Gamestagram/server/db/connection.ts","statementMap":{"0":{"start":{"line":1,"column":0},"end":{"line":1,"column":23}},"1":{"start":{"line":2,"column":0},"end":{"line":2,"column":31}},"2":{"start":{"line":5,"column":13},"end":{"line":5,"column":66}},"3":{"start":{"line":6,"column":19},"end":{"line":6,"column":36}},"4":{"start":{"line":8,"column":0},"end":{"line":8,"column":null}}},"fnMap":{},"branchMap":{"0":{"loc":{"start":{"line":5,"column":13},"end":{"line":5,"column":66}},"type":"binary-expr","locations":[{"start":{"line":5,"column":13},"end":{"line":5,"column":49}},{"start":{"line":5,"column":53},"end":{"line":5,"column":66}}]}},"s":{"0":3,"1":3,"2":3,"3":3,"4":3},"f":{},"b":{"0":[3,0]}}
,"/Users/maxlong/Documents/code/bootCamp/finnal-project/Gamestagram/server/db/events.ts": {"path":"/Users/maxlong/Documents/code/bootCamp/finnal-project/Gamestagram/server/db/events.ts","statementMap":{"0":{"start":{"line":1,"column":0},"end":{"line":1,"column":37}},"1":{"start":{"line":5,"column":0},"end":{"line":5,"column":66}},"2":{"start":{"line":9,"column":2},"end":{"line":30,"column":null}},"3":{"start":{"line":30,"column":26},"end":{"line":30,"column":53}},"4":{"start":{"line":8,"column":0},"end":{"line":8,"column":16}},"5":{"start":{"line":35,"column":2},"end":{"line":58,"column":null}},"6":{"start":{"line":33,"column":0},"end":{"line":33,"column":16}},"7":{"start":{"line":62,"column":2},"end":{"line":74,"column":null}},"8":{"start":{"line":61,"column":0},"end":{"line":61,"column":16}},"9":{"start":{"line":90,"column":20},"end":{"line":90,"column":40}},"10":{"start":{"line":91,"column":15},"end":{"line":91,"column":68}},"11":{"start":{"line":92,"column":2},"end":{"line":92,"column":null}},"12":{"start":{"line":89,"column":0},"end":{"line":89,"column":16}},"13":{"start":{"line":99,"column":2},"end":{"line":99,"column":null}},"14":{"start":{"line":95,"column":0},"end":{"line":95,"column":16}},"15":{"start":{"line":107,"column":2},"end":{"line":107,"column":null}},"16":{"start":{"line":102,"column":0},"end":{"line":102,"column":16}},"17":{"start":{"line":111,"column":2},"end":{"line":111,"column":null}},"18":{"start":{"line":110,"column":0},"end":{"line":110,"column":16}},"19":{"start":{"line":115,"column":2},"end":{"line":115,"column":null}},"20":{"start":{"line":114,"column":0},"end":{"line":114,"column":16}}},"fnMap":{"0":{"name":"getEvents","decl":{"start":{"line":8,"column":16},"end":{"line":8,"column":25}},"loc":{"start":{"line":8,"column":41},"end":{"line":31,"column":1}}},"1":{"name":"(anonymous_2)","decl":{"start":{"line":30,"column":10},"end":{"line":30,"column":11}},"loc":{"start":{"line":30,"column":26},"end":{"line":30,"column":53}}},"2":{"name":"getEventsById","decl":{"start":{"line":33,"column":16},"end":{"line":33,"column":29}},"loc":{"start":{"line":33,"column":57},"end":{"line":59,"column":1}}},"3":{"name":"getEventsByUserId","decl":{"start":{"line":61,"column":16},"end":{"line":61,"column":33}},"loc":{"start":{"line":61,"column":61},"end":{"line":75,"column":1}}},"4":{"name":"addEvent","decl":{"start":{"line":89,"column":16},"end":{"line":89,"column":24}},"loc":{"start":{"line":89,"column":55},"end":{"line":93,"column":1}}},"5":{"name":"addUserEvent","decl":{"start":{"line":95,"column":16},"end":{"line":95,"column":28}},"loc":{"start":{"line":97,"column":17},"end":{"line":100,"column":1}}},"6":{"name":"editEvent","decl":{"start":{"line":102,"column":16},"end":{"line":102,"column":25}},"loc":{"start":{"line":105,"column":17},"end":{"line":108,"column":1}}},"7":{"name":"cancelUserEvent","decl":{"start":{"line":110,"column":16},"end":{"line":110,"column":31}},"loc":{"start":{"line":110,"column":59},"end":{"line":112,"column":1}}},"8":{"name":"cancelEvent","decl":{"start":{"line":114,"column":16},"end":{"line":114,"column":27}},"loc":{"start":{"line":114,"column":69},"end":{"line":116,"column":1}}}},"branchMap":{"0":{"loc":{"start":{"line":8,"column":26},"end":{"line":8,"column":41}},"type":"default-arg","locations":[{"start":{"line":8,"column":31},"end":{"line":8,"column":41}}]},"1":{"loc":{"start":{"line":33,"column":42},"end":{"line":33,"column":57}},"type":"default-arg","locations":[{"start":{"line":33,"column":47},"end":{"line":33,"column":57}}]},"2":{"loc":{"start":{"line":61,"column":46},"end":{"line":61,"column":61}},"type":"default-arg","locations":[{"start":{"line":61,"column":51},"end":{"line":61,"column":61}}]},"3":{"loc":{"start":{"line":89,"column":40},"end":{"line":89,"column":55}},"type":"default-arg","locations":[{"start":{"line":89,"column":45},"end":{"line":89,"column":55}}]},"4":{"loc":{"start":{"line":97,"column":2},"end":{"line":97,"column":17}},"type":"default-arg","locations":[{"start":{"line":97,"column":7},"end":{"line":97,"column":17}}]},"5":{"loc":{"start":{"line":105,"column":2},"end":{"line":105,"column":17}},"type":"default-arg","locations":[{"start":{"line":105,"column":7},"end":{"line":105,"column":17}}]},"6":{"loc":{"start":{"line":110,"column":44},"end":{"line":110,"column":59}},"type":"default-arg","locations":[{"start":{"line":110,"column":49},"end":{"line":110,"column":59}}]},"7":{"loc":{"start":{"line":114,"column":54},"end":{"line":114,"column":69}},"type":"default-arg","locations":[{"start":{"line":114,"column":59},"end":{"line":114,"column":69}}]}},"s":{"0":2,"1":2,"2":0,"3":0,"4":2,"5":1,"6":2,"7":2,"8":2,"9":0,"10":0,"11":0,"12":2,"13":0,"14":2,"15":0,"16":2,"17":0,"18":2,"19":0,"20":2},"f":{"0":0,"1":0,"2":1,"3":2,"4":0,"5":0,"6":0,"7":0,"8":0},"b":{"0":[0],"1":[0],"2":[0],"3":[0],"4":[0],"5":[0],"6":[0],"7":[0]}}
,"/Users/maxlong/Documents/code/bootCamp/finnal-project/Gamestagram/server/db/games.ts": {"path":"/Users/maxlong/Documents/code/bootCamp/finnal-project/Gamestagram/server/db/games.ts","statementMap":{"0":{"start":{"line":1,"column":0},"end":{"line":1,"column":37}},"1":{"start":{"line":5,"column":2},"end":{"line":12,"column":null}},"2":{"start":{"line":4,"column":0},"end":{"line":4,"column":16}},"3":{"start":{"line":16,"column":2},"end":{"line":26,"column":null}},"4":{"start":{"line":15,"column":0},"end":{"line":15,"column":16}},"5":{"start":{"line":30,"column":2},"end":{"line":30,"column":null}},"6":{"start":{"line":29,"column":0},"end":{"line":29,"column":16}}},"fnMap":{"0":{"name":"getGames","decl":{"start":{"line":4,"column":16},"end":{"line":4,"column":24}},"loc":{"start":{"line":4,"column":40},"end":{"line":13,"column":1}}},"1":{"name":"getGamesByApiId","decl":{"start":{"line":15,"column":16},"end":{"line":15,"column":31}},"loc":{"start":{"line":15,"column":59},"end":{"line":27,"column":1}}},"2":{"name":"addGame","decl":{"start":{"line":29,"column":16},"end":{"line":29,"column":23}},"loc":{"start":{"line":29,"column":55},"end":{"line":31,"column":1}}}},"branchMap":{"0":{"loc":{"start":{"line":4,"column":25},"end":{"line":4,"column":40}},"type":"default-arg","locations":[{"start":{"line":4,"column":30},"end":{"line":4,"column":40}}]},"1":{"loc":{"start":{"line":15,"column":44},"end":{"line":15,"column":59}},"type":"default-arg","locations":[{"start":{"line":15,"column":49},"end":{"line":15,"column":59}}]},"2":{"loc":{"start":{"line":29,"column":42},"end":{"line":29,"column":55}},"type":"default-arg","locations":[{"start":{"line":29,"column":45},"end":{"line":29,"column":55}}]}},"s":{"0":1,"1":0,"2":1,"3":0,"4":1,"5":0,"6":1},"f":{"0":0,"1":0,"2":0},"b":{"0":[0],"1":[0],"2":[0]}}
,"/Users/maxlong/Documents/code/bootCamp/finnal-project/Gamestagram/server/db/knexfile.js": {"path":"/Users/maxlong/Documents/code/bootCamp/finnal-project/Gamestagram/server/db/knexfile.js","statementMap":{"0":{"start":{"line":1,"column":17},"end":{"line":1,"column":37}},"1":{"start":{"line":3,"column":0},"end":{"line":43,"column":1}},"2":{"start":{"line":11,"column":33},"end":{"line":11,"column":73}},"3":{"start":{"line":28,"column":33},"end":{"line":28,"column":73}}},"fnMap":{"0":{"name":"(anonymous_0)","decl":{"start":{"line":11,"column":19},"end":{"line":11,"column":20}},"loc":{"start":{"line":11,"column":33},"end":{"line":11,"column":73}},"line":11},"1":{"name":"(anonymous_1)","decl":{"start":{"line":28,"column":19},"end":{"line":28,"column":20}},"loc":{"start":{"line":28,"column":33},"end":{"line":28,"column":73}},"line":28}},"branchMap":{},"s":{"0":3,"1":3,"2":0,"3":1},"f":{"0":0,"1":1},"b":{},"inputSourceMap":null,"_coverageSchema":"1a1c01bbd47fc00a2c39e90264f33305004495a9","hash":"4f037f3395f7c778d181c6f48d94ea0b7b1fe12d"}
,"/Users/maxlong/Documents/code/bootCamp/finnal-project/Gamestagram/server/db/sendEmail.ts": {"path":"/Users/maxlong/Documents/code/bootCamp/finnal-project/Gamestagram/server/db/sendEmail.ts","statementMap":{"0":{"start":{"line":1,"column":0},"end":{"line":1,"column":35}},"1":{"start":{"line":2,"column":0},"end":{"line":2,"column":40}},"2":{"start":{"line":7,"column":2},"end":{"line":7,"column":null}},"3":{"start":{"line":8,"column":15},"end":{"line":8,"column":43}},"4":{"start":{"line":10,"column":16},"end":{"line":19,"column":null}},"5":{"start":{"line":20,"column":4},"end":{"line":20,"column":null}},"6":{"start":{"line":22,"column":2},"end":{"line":26,"column":null}},"7":{"start":{"line":23,"column":4},"end":{"line":23,"column":null}},"8":{"start":{"line":23,"column":29},"end":{"line":23,"column":61}},"9":{"start":{"line":25,"column":4},"end":{"line":25,"column":null}},"10":{"start":{"line":4,"column":0},"end":{"line":4,"column":22}}},"fnMap":{"0":{"name":"sendEmails","decl":{"start":{"line":4,"column":22},"end":{"line":4,"column":32}},"loc":{"start":{"line":4,"column":48},"end":{"line":27,"column":null}}},"1":{"name":"sendEmail","decl":{"start":{"line":9,"column":11},"end":{"line":9,"column":20}},"loc":{"start":{"line":9,"column":56},"end":{"line":21,"column":3}}},"2":{"name":"(anonymous_11)","decl":{"start":{"line":23,"column":19},"end":{"line":23,"column":20}},"loc":{"start":{"line":23,"column":29},"end":{"line":23,"column":61}}}},"branchMap":{"0":{"loc":{"start":{"line":17,"column":75},"end":{"line":17,"column":90}},"type":"cond-expr","locations":[{"start":{"line":17,"column":79},"end":{"line":17,"column":81}},{"start":{"line":17,"column":75},"end":{"line":17,"column":90}}]},"1":{"loc":{"start":{"line":17,"column":75},"end":{"line":17,"column":81}},"type":"binary-expr","locations":[{"start":{"line":17,"column":75},"end":{"line":17,"column":81}},{"start":{"line":17,"column":75},"end":{"line":17,"column":81}}]},"2":{"loc":{"start":{"line":17,"column":103},"end":{"line":17,"column":113}},"type":"cond-expr","locations":[{"start":{"line":17,"column":107},"end":{"line":17,"column":109}},{"start":{"line":17,"column":103},"end":{"line":17,"column":113}}]},"3":{"loc":{"start":{"line":17,"column":103},"end":{"line":17,"column":109}},"type":"binary-expr","locations":[{"start":{"line":17,"column":103},"end":{"line":17,"column":109}},{"start":{"line":17,"column":103},"end":{"line":17,"column":109}}]},"4":{"loc":{"start":{"line":18,"column":75},"end":{"line":18,"column":90}},"type":"cond-expr","locations":[{"start":{"line":18,"column":79},"end":{"line":18,"column":81}},{"start":{"line":18,"column":75},"end":{"line":18,"column":90}}]},"5":{"loc":{"start":{"line":18,"column":75},"end":{"line":18,"column":81}},"type":"binary-expr","locations":[{"start":{"line":18,"column":75},"end":{"line":18,"column":81}},{"start":{"line":18,"column":75},"end":{"line":18,"column":81}}]},"6":{"loc":{"start":{"line":18,"column":103},"end":{"line":18,"column":113}},"type":"cond-expr","locations":[{"start":{"line":18,"column":107},"end":{"line":18,"column":109}},{"start":{"line":18,"column":103},"end":{"line":18,"column":113}}]},"7":{"loc":{"start":{"line":18,"column":103},"end":{"line":18,"column":109}},"type":"binary-expr","locations":[{"start":{"line":18,"column":103},"end":{"line":18,"column":109}},{"start":{"line":18,"column":103},"end":{"line":18,"column":109}}]},"8":{"loc":{"start":{"line":22,"column":2},"end":{"line":26,"column":null}},"type":"if","locations":[{"start":{"line":22,"column":2},"end":{"line":26,"column":null}},{"start":{"line":24,"column":9},"end":{"line":26,"column":null}}]}},"s":{"0":1,"1":1,"2":0,"3":0,"4":0,"5":0,"6":0,"7":0,"8":0,"9":0,"10":1},"f":{"0":0,"1":0,"2":0},"b":{"0":[0,0],"1":[0,0],"2":[0,0],"3":[0,0],"4":[0,0],"5":[0,0],"6":[0,0],"7":[0,0],"8":[0,0]}}
,"/Users/maxlong/Documents/code/bootCamp/finnal-project/Gamestagram/server/db/users.ts": {"path":"/Users/maxlong/Documents/code/bootCamp/finnal-project/Gamestagram/server/db/users.ts","statementMap":{"0":{"start":{"line":1,"column":0},"end":{"line":1,"column":37}},"1":{"start":{"line":5,"column":2},"end":{"line":5,"column":null}},"2":{"start":{"line":4,"column":0},"end":{"line":4,"column":16}},"3":{"start":{"line":9,"column":2},"end":{"line":18,"column":null}},"4":{"start":{"line":8,"column":0},"end":{"line":8,"column":16}},"5":{"start":{"line":22,"column":20},"end":{"line":22,"column":40}},"6":{"start":{"line":23,"column":15},"end":{"line":23,"column":54}},"7":{"start":{"line":25,"column":2},"end":{"line":25,"column":null}},"8":{"start":{"line":21,"column":0},"end":{"line":21,"column":16}},"9":{"start":{"line":32,"column":2},"end":{"line":43,"column":null}},"10":{"start":{"line":28,"column":0},"end":{"line":28,"column":16}},"11":{"start":{"line":47,"column":2},"end":{"line":49,"column":null}},"12":{"start":{"line":46,"column":0},"end":{"line":46,"column":16}}},"fnMap":{"0":{"name":"getUsers","decl":{"start":{"line":4,"column":16},"end":{"line":4,"column":24}},"loc":{"start":{"line":4,"column":40},"end":{"line":6,"column":1}}},"1":{"name":"getUsersById","decl":{"start":{"line":8,"column":16},"end":{"line":8,"column":28}},"loc":{"start":{"line":8,"column":56},"end":{"line":19,"column":1}}},"2":{"name":"addUser","decl":{"start":{"line":21,"column":16},"end":{"line":21,"column":23}},"loc":{"start":{"line":21,"column":53},"end":{"line":26,"column":1}}},"3":{"name":"getUsersByAuthId","decl":{"start":{"line":28,"column":16},"end":{"line":28,"column":32}},"loc":{"start":{"line":30,"column":17},"end":{"line":44,"column":1}}},"4":{"name":"updateUserPhoto","decl":{"start":{"line":46,"column":16},"end":{"line":46,"column":31}},"loc":{"start":{"line":46,"column":77},"end":{"line":50,"column":1}}}},"branchMap":{"0":{"loc":{"start":{"line":4,"column":25},"end":{"line":4,"column":40}},"type":"default-arg","locations":[{"start":{"line":4,"column":30},"end":{"line":4,"column":40}}]},"1":{"loc":{"start":{"line":8,"column":41},"end":{"line":8,"column":56}},"type":"default-arg","locations":[{"start":{"line":8,"column":46},"end":{"line":8,"column":56}}]},"2":{"loc":{"start":{"line":21,"column":38},"end":{"line":21,"column":53}},"type":"default-arg","locations":[{"start":{"line":21,"column":43},"end":{"line":21,"column":53}}]},"3":{"loc":{"start":{"line":30,"column":2},"end":{"line":30,"column":17}},"type":"default-arg","locations":[{"start":{"line":30,"column":7},"end":{"line":30,"column":17}}]},"4":{"loc":{"start":{"line":46,"column":62},"end":{"line":46,"column":77}},"type":"default-arg","locations":[{"start":{"line":46,"column":67},"end":{"line":46,"column":77}}]}},"s":{"0":1,"1":0,"2":1,"3":0,"4":1,"5":0,"6":0,"7":0,"8":1,"9":0,"10":1,"11":0,"12":1},"f":{"0":0,"1":0,"2":0,"3":0,"4":0},"b":{"0":[0],"1":[0],"2":[0],"3":[0],"4":[0]}}
,"/Users/maxlong/Documents/code/bootCamp/finnal-project/Gamestagram/server/db/migrations/20230413020730_users.js": {"path":"/Users/maxlong/Documents/code/bootCamp/finnal-project/Gamestagram/server/db/migrations/20230413020730_users.js","statementMap":{"0":{"start":{"line":5,"column":0},"end":{"line":15,"column":1}},"1":{"start":{"line":6,"column":2},"end":{"line":14,"column":4}},"2":{"start":{"line":7,"column":4},"end":{"line":7,"column":36}},"3":{"start":{"line":8,"column":4},"end":{"line":8,"column":29}},"4":{"start":{"line":9,"column":4},"end":{"line":9,"column":25}},"5":{"start":{"line":10,"column":4},"end":{"line":10,"column":28}},"6":{"start":{"line":11,"column":4},"end":{"line":11,"column":23}},"7":{"start":{"line":12,"column":4},"end":{"line":12,"column":29}},"8":{"start":{"line":13,"column":4},"end":{"line":13,"column":30}},"9":{"start":{"line":21,"column":0},"end":{"line":23,"column":1}},"10":{"start":{"line":22,"column":2},"end":{"line":22,"column":39}}},"fnMap":{"0":{"name":"(anonymous_0)","decl":{"start":{"line":5,"column":13},"end":{"line":5,"column":14}},"loc":{"start":{"line":5,"column":29},"end":{"line":15,"column":1}},"line":5},"1":{"name":"(anonymous_1)","decl":{"start":{"line":6,"column":42},"end":{"line":6,"column":43}},"loc":{"start":{"line":6,"column":53},"end":{"line":14,"column":3}},"line":6},"2":{"name":"(anonymous_2)","decl":{"start":{"line":21,"column":15},"end":{"line":21,"column":16}},"loc":{"start":{"line":21,"column":31},"end":{"line":23,"column":1}},"line":21}},"branchMap":{},"s":{"0":1,"1":1,"2":1,"3":1,"4":1,"5":1,"6":1,"7":1,"8":1,"9":1,"10":0},"f":{"0":1,"1":1,"2":0},"b":{},"inputSourceMap":null,"_coverageSchema":"1a1c01bbd47fc00a2c39e90264f33305004495a9","hash":"d6c3ee91139f5beac5832cae990719cdefc207e1"}
,"/Users/maxlong/Documents/code/bootCamp/finnal-project/Gamestagram/server/db/migrations/20230413024138_games.js": {"path":"/Users/maxlong/Documents/code/bootCamp/finnal-project/Gamestagram/server/db/migrations/20230413024138_games.js","statementMap":{"0":{"start":{"line":5,"column":0},"end":{"line":15,"column":1}},"1":{"start":{"line":6,"column":2},"end":{"line":14,"column":4}},"2":{"start":{"line":7,"column":4},"end":{"line":7,"column":36}},"3":{"start":{"line":8,"column":4},"end":{"line":8,"column":26}},"4":{"start":{"line":9,"column":4},"end":{"line":9,"column":24}},"5":{"start":{"line":10,"column":4},"end":{"line":10,"column":31}},"6":{"start":{"line":11,"column":4},"end":{"line":11,"column":33}},"7":{"start":{"line":12,"column":4},"end":{"line":12,"column":29}},"8":{"start":{"line":13,"column":4},"end":{"line":13,"column":29}},"9":{"start":{"line":21,"column":0},"end":{"line":23,"column":1}},"10":{"start":{"line":22,"column":2},"end":{"line":22,"column":39}}},"fnMap":{"0":{"name":"(anonymous_0)","decl":{"start":{"line":5,"column":13},"end":{"line":5,"column":14}},"loc":{"start":{"line":5,"column":29},"end":{"line":15,"column":1}},"line":5},"1":{"name":"(anonymous_1)","decl":{"start":{"line":6,"column":42},"end":{"line":6,"column":43}},"loc":{"start":{"line":6,"column":53},"end":{"line":14,"column":3}},"line":6},"2":{"name":"(anonymous_2)","decl":{"start":{"line":21,"column":15},"end":{"line":21,"column":16}},"loc":{"start":{"line":21,"column":31},"end":{"line":23,"column":1}},"line":21}},"branchMap":{},"s":{"0":1,"1":1,"2":1,"3":1,"4":1,"5":1,"6":1,"7":1,"8":1,"9":1,"10":0},"f":{"0":1,"1":1,"2":0},"b":{},"inputSourceMap":null,"_coverageSchema":"1a1c01bbd47fc00a2c39e90264f33305004495a9","hash":"9296db04904a6df57c720ee2a883a19ba125697f"}
,"/Users/maxlong/Documents/code/bootCamp/finnal-project/Gamestagram/server/db/migrations/20230413031130_events.js": {"path":"/Users/maxlong/Documents/code/bootCamp/finnal-project/Gamestagram/server/db/migrations/20230413031130_events.js","statementMap":{"0":{"start":{"line":5,"column":0},"end":{"line":18,"column":1}},"1":{"start":{"line":6,"column":2},"end":{"line":17,"column":4}},"2":{"start":{"line":7,"column":4},"end":{"line":7,"column":36}},"3":{"start":{"line":8,"column":4},"end":{"line":8,"column":28}},"4":{"start":{"line":9,"column":4},"end":{"line":9,"column":30}},"5":{"start":{"line":10,"column":4},"end":{"line":10,"column":27}},"6":{"start":{"line":11,"column":4},"end":{"line":11,"column":31}},"7":{"start":{"line":12,"column":4},"end":{"line":12,"column":28}},"8":{"start":{"line":13,"column":4},"end":{"line":13,"column":24}},"9":{"start":{"line":14,"column":4},"end":{"line":14,"column":38}},"10":{"start":{"line":15,"column":4},"end":{"line":15,"column":28}},"11":{"start":{"line":16,"column":4},"end":{"line":16,"column":26}},"12":{"start":{"line":24,"column":0},"end":{"line":26,"column":1}},"13":{"start":{"line":25,"column":2},"end":{"line":25,"column":40}}},"fnMap":{"0":{"name":"(anonymous_0)","decl":{"start":{"line":5,"column":13},"end":{"line":5,"column":14}},"loc":{"start":{"line":5,"column":29},"end":{"line":18,"column":1}},"line":5},"1":{"name":"(anonymous_1)","decl":{"start":{"line":6,"column":43},"end":{"line":6,"column":44}},"loc":{"start":{"line":6,"column":54},"end":{"line":17,"column":3}},"line":6},"2":{"name":"(anonymous_2)","decl":{"start":{"line":24,"column":15},"end":{"line":24,"column":16}},"loc":{"start":{"line":24,"column":31},"end":{"line":26,"column":1}},"line":24}},"branchMap":{},"s":{"0":1,"1":1,"2":1,"3":1,"4":1,"5":1,"6":1,"7":1,"8":1,"9":1,"10":1,"11":1,"12":1,"13":0},"f":{"0":1,"1":1,"2":0},"b":{},"inputSourceMap":null,"_coverageSchema":"1a1c01bbd47fc00a2c39e90264f33305004495a9","hash":"10fd6e6e8359c5ac4f185a7552d3e12426162287"}
,"/Users/maxlong/Documents/code/bootCamp/finnal-project/Gamestagram/server/db/migrations/20230413033825_user-event.js": {"path":"/Users/maxlong/Documents/code/bootCamp/finnal-project/Gamestagram/server/db/migrations/20230413033825_user-event.js","statementMap":{"0":{"start":{"line":5,"column":0},"end":{"line":12,"column":1}},"1":{"start":{"line":6,"column":2},"end":{"line":11,"column":4}},"2":{"start":{"line":7,"column":4},"end":{"line":7,"column":36}},"3":{"start":{"line":8,"column":4},"end":{"line":8,"column":28}},"4":{"start":{"line":9,"column":4},"end":{"line":9,"column":29}},"5":{"start":{"line":10,"column":4},"end":{"line":10,"column":28}},"6":{"start":{"line":18,"column":0},"end":{"line":20,"column":1}},"7":{"start":{"line":19,"column":2},"end":{"line":19,"column":44}}},"fnMap":{"0":{"name":"(anonymous_0)","decl":{"start":{"line":5,"column":13},"end":{"line":5,"column":14}},"loc":{"start":{"line":5,"column":29},"end":{"line":12,"column":1}},"line":5},"1":{"name":"(anonymous_1)","decl":{"start":{"line":6,"column":47},"end":{"line":6,"column":48}},"loc":{"start":{"line":6,"column":58},"end":{"line":11,"column":3}},"line":6},"2":{"name":"(anonymous_2)","decl":{"start":{"line":18,"column":15},"end":{"line":18,"column":16}},"loc":{"start":{"line":18,"column":31},"end":{"line":20,"column":1}},"line":18}},"branchMap":{},"s":{"0":1,"1":1,"2":1,"3":1,"4":1,"5":1,"6":1,"7":0},"f":{"0":1,"1":1,"2":0},"b":{},"inputSourceMap":null,"_coverageSchema":"1a1c01bbd47fc00a2c39e90264f33305004495a9","hash":"7cfabdd8059acd91f5564140448e16fb252effab"}
,"/Users/maxlong/Documents/code/bootCamp/finnal-project/Gamestagram/server/db/seeds/0-clean.js": {"path":"/Users/maxlong/Documents/code/bootCamp/finnal-project/Gamestagram/server/db/seeds/0-clean.js","statementMap":{"0":{"start":{"line":1,"column":0},"end":{"line":7,"column":1}},"1":{"start":{"line":2,"column":2},"end":{"line":2,"column":27}},"2":{"start":{"line":3,"column":2},"end":{"line":3,"column":27}},"3":{"start":{"line":4,"column":2},"end":{"line":4,"column":28}},"4":{"start":{"line":5,"column":2},"end":{"line":5,"column":32}}},"fnMap":{"0":{"name":"(anonymous_0)","decl":{"start":{"line":1,"column":15},"end":{"line":1,"column":16}},"loc":{"start":{"line":1,"column":31},"end":{"line":7,"column":1}},"line":1}},"branchMap":{},"s":{"0":1,"1":3,"2":3,"3":3,"4":3},"f":{"0":3},"b":{},"inputSourceMap":null,"_coverageSchema":"1a1c01bbd47fc00a2c39e90264f33305004495a9","hash":"7934a5566d408985d4dde568ab45ef8a0cb27645"}
,"/Users/maxlong/Documents/code/bootCamp/finnal-project/Gamestagram/server/db/seeds/1-users.js": {"path":"/Users/maxlong/Documents/code/bootCamp/finnal-project/Gamestagram/server/db/seeds/1-users.js","statementMap":{"0":{"start":{"line":1,"column":0},"end":{"line":24,"column":1}},"1":{"start":{"line":2,"column":2},"end":{"line":23,"column":4}}},"fnMap":{"0":{"name":"(anonymous_0)","decl":{"start":{"line":1,"column":15},"end":{"line":1,"column":16}},"loc":{"start":{"line":1,"column":25},"end":{"line":24,"column":1}},"line":1}},"branchMap":{},"s":{"0":1,"1":3},"f":{"0":3},"b":{},"inputSourceMap":null,"_coverageSchema":"1a1c01bbd47fc00a2c39e90264f33305004495a9","hash":"58d9e711983e53b56653c140fc98567a57cdd8d2"}
,"/Users/maxlong/Documents/code/bootCamp/finnal-project/Gamestagram/server/db/seeds/2-games.js": {"path":"/Users/maxlong/Documents/code/bootCamp/finnal-project/Gamestagram/server/db/seeds/2-games.js","statementMap":{"0":{"start":{"line":1,"column":0},"end":{"line":48,"column":1}},"1":{"start":{"line":2,"column":2},"end":{"line":47,"column":4}}},"fnMap":{"0":{"name":"(anonymous_0)","decl":{"start":{"line":1,"column":15},"end":{"line":1,"column":16}},"loc":{"start":{"line":1,"column":25},"end":{"line":48,"column":1}},"line":1}},"branchMap":{},"s":{"0":1,"1":3},"f":{"0":3},"b":{},"inputSourceMap":null,"_coverageSchema":"1a1c01bbd47fc00a2c39e90264f33305004495a9","hash":"c17fc51829383f5b32c668a95a8d2d9ccd73ef12"}
,"/Users/maxlong/Documents/code/bootCamp/finnal-project/Gamestagram/server/db/seeds/3-events.js": {"path":"/Users/maxlong/Documents/code/bootCamp/finnal-project/Gamestagram/server/db/seeds/3-events.js","statementMap":{"0":{"start":{"line":1,"column":0},"end":{"line":56,"column":1}},"1":{"start":{"line":2,"column":2},"end":{"line":55,"column":4}}},"fnMap":{"0":{"name":"(anonymous_0)","decl":{"start":{"line":1,"column":15},"end":{"line":1,"column":16}},"loc":{"start":{"line":1,"column":25},"end":{"line":56,"column":1}},"line":1}},"branchMap":{},"s":{"0":1,"1":3},"f":{"0":3},"b":{},"inputSourceMap":null,"_coverageSchema":"1a1c01bbd47fc00a2c39e90264f33305004495a9","hash":"4ebc46be81ed75756761bad54d9c4a42d749d356"}
,"/Users/maxlong/Documents/code/bootCamp/finnal-project/Gamestagram/server/db/seeds/4-user_event.js": {"path":"/Users/maxlong/Documents/code/bootCamp/finnal-project/Gamestagram/server/db/seeds/4-user_event.js","statementMap":{"0":{"start":{"line":1,"column":0},"end":{"line":41,"column":1}},"1":{"start":{"line":2,"column":2},"end":{"line":40,"column":4}}},"fnMap":{"0":{"name":"(anonymous_0)","decl":{"start":{"line":1,"column":15},"end":{"line":1,"column":16}},"loc":{"start":{"line":1,"column":25},"end":{"line":41,"column":1}},"line":1}},"branchMap":{},"s":{"0":1,"1":3},"f":{"0":3},"b":{},"inputSourceMap":null,"_coverageSchema":"1a1c01bbd47fc00a2c39e90264f33305004495a9","hash":"1ec32676d56c8058ed0e89b3876c31732f976d16"}
,"/Users/maxlong/Documents/code/bootCamp/finnal-project/Gamestagram/server/public/formatter.ts": {"path":"/Users/maxlong/Documents/code/bootCamp/finnal-project/Gamestagram/server/public/formatter.ts","statementMap":{"0":{"start":{"line":4,"column":2},"end":{"line":18,"column":null}},"1":{"start":{"line":3,"column":0},"end":{"line":3,"column":16}},"2":{"start":{"line":22,"column":2},"end":{"line":27,"column":null}},"3":{"start":{"line":21,"column":0},"end":{"line":21,"column":16}},"4":{"start":{"line":32,"column":2},"end":{"line":34,"column":null}},"5":{"start":{"line":33,"column":4},"end":{"line":33,"column":null}},"6":{"start":{"line":35,"column":2},"end":{"line":35,"column":null}},"7":{"start":{"line":30,"column":0},"end":{"line":30,"column":16}},"8":{"start":{"line":39,"column":20},"end":{"line":39,"column":50}},"9":{"start":{"line":40,"column":2},"end":{"line":45,"column":null}},"10":{"start":{"line":41,"column":18},"end":{"line":41,"column":67}},"11":{"start":{"line":41,"column":40},"end":{"line":41,"column":66}},"12":{"start":{"line":42,"column":4},"end":{"line":44,"column":null}},"13":{"start":{"line":46,"column":2},"end":{"line":46,"column":null}},"14":{"start":{"line":38,"column":0},"end":{"line":38,"column":16}}},"fnMap":{"0":{"name":"createEvent","decl":{"start":{"line":3,"column":16},"end":{"line":3,"column":27}},"loc":{"start":{"line":3,"column":44},"end":{"line":19,"column":1}}},"1":{"name":"createUser","decl":{"start":{"line":21,"column":16},"end":{"line":21,"column":26}},"loc":{"start":{"line":21,"column":43},"end":{"line":28,"column":1}}},"2":{"name":"formatEvent","decl":{"start":{"line":30,"column":16},"end":{"line":30,"column":27}},"loc":{"start":{"line":30,"column":47},"end":{"line":36,"column":1}}},"3":{"name":"(anonymous_3)","decl":{"start":{"line":32,"column":21},"end":{"line":32,"column":22}},"loc":{"start":{"line":32,"column":30},"end":{"line":34,"column":3}}},"4":{"name":"formatEventList","decl":{"start":{"line":38,"column":16},"end":{"line":38,"column":31}},"loc":{"start":{"line":38,"column":51},"end":{"line":47,"column":1}}},"5":{"name":"(anonymous_5)","decl":{"start":{"line":40,"column":21},"end":{"line":40,"column":22}},"loc":{"start":{"line":40,"column":30},"end":{"line":45,"column":3}}},"6":{"name":"(anonymous_6)","decl":{"start":{"line":41,"column":33},"end":{"line":41,"column":34}},"loc":{"start":{"line":41,"column":40},"end":{"line":41,"column":66}}}},"branchMap":{"0":{"loc":{"start":{"line":33,"column":4},"end":{"line":33,"column":77}},"type":"cond-expr","locations":[{"start":{"line":33,"column":14},"end":{"line":33,"column":39}},{"start":{"line":33,"column":43},"end":{"line":33,"column":77}}]},"1":{"loc":{"start":{"line":42,"column":4},"end":{"line":44,"column":42}},"type":"cond-expr","locations":[{"start":{"line":43,"column":8},"end":{"line":43,"column":41}},{"start":{"line":44,"column":9},"end":{"line":44,"column":41}}]}},"s":{"0":1,"1":2,"2":1,"3":2,"4":1,"5":1,"6":1,"7":2,"8":0,"9":0,"10":0,"11":0,"12":0,"13":0,"14":2},"f":{"0":1,"1":1,"2":1,"3":1,"4":0,"5":0,"6":0},"b":{"0":[1,0],"1":[0,0]}}
,"/Users/maxlong/Documents/code/bootCamp/finnal-project/Gamestagram/server/routes/events.ts": {"path":"/Users/maxlong/Documents/code/bootCamp/finnal-project/Gamestagram/server/routes/events.ts","statementMap":{"0":{"start":{"line":1,"column":0},"end":{"line":1,"column":29}},"1":{"start":{"line":4,"column":0},"end":{"line":4,"column":34}},"2":{"start":{"line":6,"column":15},"end":{"line":6,"column":31}},"3":{"start":{"line":8,"column":0},"end":{"line":17,"column":null}},"4":{"start":{"line":9,"column":2},"end":{"line":16,"column":null}},"5":{"start":{"line":11,"column":6},"end":{"line":11,"column":null}},"6":{"start":{"line":14,"column":6},"end":{"line":14,"column":null}},"7":{"start":{"line":15,"column":6},"end":{"line":15,"column":null}},"8":{"start":{"line":19,"column":0},"end":{"line":28,"column":null}},"9":{"start":{"line":20,"column":2},"end":{"line":27,"column":null}},"10":{"start":{"line":22,"column":6},"end":{"line":22,"column":null}},"11":{"start":{"line":25,"column":6},"end":{"line":25,"column":null}},"12":{"start":{"line":26,"column":6},"end":{"line":26,"column":null}},"13":{"start":{"line":30,"column":0},"end":{"line":39,"column":null}},"14":{"start":{"line":31,"column":2},"end":{"line":38,"column":null}},"15":{"start":{"line":33,"column":6},"end":{"line":33,"column":null}},"16":{"start":{"line":36,"column":6},"end":{"line":36,"column":null}},"17":{"start":{"line":37,"column":6},"end":{"line":37,"column":null}},"18":{"start":{"line":41,"column":0},"end":{"line":56,"column":null}},"19":{"start":{"line":41,"column":50},"end":{"line":56,"column":2}},"20":{"start":{"line":42,"column":2},"end":{"line":55,"column":null}},"21":{"start":{"line":43,"column":32},"end":{"line":43,"column":40}},"22":{"start":{"line":45,"column":22},"end":{"line":45,"column":42}},"23":{"start":{"line":46,"column":20},"end":{"line":50,"column":null}},"24":{"start":{"line":51,"column":4},"end":{"line":51,"column":null}},"25":{"start":{"line":52,"column":4},"end":{"line":52,"column":null}},"26":{"start":{"line":54,"column":4},"end":{"line":54,"column":null}},"27":{"start":{"line":58,"column":0},"end":{"line":74,"column":null}},"28":{"start":{"line":58,"column":39},"end":{"line":74,"column":2}},"29":{"start":{"line":59,"column":2},"end":{"line":73,"column":null}},"30":{"start":{"line":60,"column":15},"end":{"line":60,"column":42}},"31":{"start":{"line":61,"column":4},"end":{"line":61,"column":null}},"32":{"start":{"line":63,"column":22},"end":{"line":63,"column":42}},"33":{"start":{"line":64,"column":20},"end":{"line":68,"column":null}},"34":{"start":{"line":69,"column":4},"end":{"line":69,"column":null}},"35":{"start":{"line":70,"column":4},"end":{"line":70,"column":null}},"36":{"start":{"line":72,"column":4},"end":{"line":72,"column":null}},"37":{"start":{"line":76,"column":0},"end":{"line":85,"column":null}},"38":{"start":{"line":77,"column":2},"end":{"line":84,"column":null}},"39":{"start":{"line":79,"column":6},"end":{"line":79,"column":null}},"40":{"start":{"line":82,"column":6},"end":{"line":82,"column":null}},"41":{"start":{"line":83,"column":6},"end":{"line":83,"column":null}},"42":{"start":{"line":87,"column":0},"end":{"line":96,"column":null}},"43":{"start":{"line":88,"column":2},"end":{"line":95,"column":null}},"44":{"start":{"line":90,"column":6},"end":{"line":90,"column":null}},"45":{"start":{"line":93,"column":6},"end":{"line":93,"column":null}},"46":{"start":{"line":94,"column":6},"end":{"line":94,"column":null}},"47":{"start":{"line":98,"column":0},"end":{"line":107,"column":null}},"48":{"start":{"line":98,"column":47},"end":{"line":107,"column":2}},"49":{"start":{"line":99,"column":2},"end":{"line":106,"column":null}},"50":{"start":{"line":101,"column":4},"end":{"line":101,"column":null}},"51":{"start":{"line":104,"column":4},"end":{"line":104,"column":null}},"52":{"start":{"line":105,"column":4},"end":{"line":105,"column":null}},"53":{"start":{"line":109,"column":0},"end":{"line":109,"column":null}}},"fnMap":{"0":{"name":"(anonymous_14)","decl":{"start":{"line":8,"column":16},"end":{"line":8,"column":17}},"loc":{"start":{"line":8,"column":29},"end":{"line":17,"column":1}}},"1":{"name":"(anonymous_15)","decl":{"start":{"line":10,"column":10},"end":{"line":10,"column":11}},"loc":{"start":{"line":10,"column":22},"end":{"line":12,"column":5}}},"2":{"name":"(anonymous_16)","decl":{"start":{"line":13,"column":11},"end":{"line":13,"column":12}},"loc":{"start":{"line":13,"column":19},"end":{"line":16,"column":5}}},"3":{"name":"(anonymous_17)","decl":{"start":{"line":19,"column":19},"end":{"line":19,"column":20}},"loc":{"start":{"line":19,"column":32},"end":{"line":28,"column":1}}},"4":{"name":"(anonymous_18)","decl":{"start":{"line":21,"column":10},"end":{"line":21,"column":11}},"loc":{"start":{"line":21,"column":22},"end":{"line":23,"column":5}}},"5":{"name":"(anonymous_19)","decl":{"start":{"line":24,"column":11},"end":{"line":24,"column":12}},"loc":{"start":{"line":24,"column":19},"end":{"line":27,"column":5}}},"6":{"name":"(anonymous_20)","decl":{"start":{"line":30,"column":38},"end":{"line":30,"column":39}},"loc":{"start":{"line":30,"column":51},"end":{"line":39,"column":1}}},"7":{"name":"(anonymous_21)","decl":{"start":{"line":32,"column":10},"end":{"line":32,"column":11}},"loc":{"start":{"line":32,"column":22},"end":{"line":34,"column":5}}},"8":{"name":"(anonymous_22)","decl":{"start":{"line":35,"column":11},"end":{"line":35,"column":12}},"loc":{"start":{"line":35,"column":19},"end":{"line":38,"column":5}}},"9":{"name":"(anonymous_23)","decl":{"start":{"line":41,"column":31},"end":{"line":41,"column":38}},"loc":{"start":{"line":41,"column":50},"end":{"line":56,"column":2}}},"10":{"name":"(anonymous_24)","decl":{"start":{"line":41,"column":50},"end":{"line":41,"column":null}},"loc":{"start":{"line":41,"column":50},"end":{"line":56,"column":1}}},"11":{"name":"(anonymous_25)","decl":{"start":{"line":58,"column":20},"end":{"line":58,"column":27}},"loc":{"start":{"line":58,"column":39},"end":{"line":74,"column":2}}},"12":{"name":"(anonymous_26)","decl":{"start":{"line":58,"column":39},"end":{"line":58,"column":null}},"loc":{"start":{"line":58,"column":39},"end":{"line":74,"column":1}}},"13":{"name":"(anonymous_27)","decl":{"start":{"line":76,"column":26},"end":{"line":76,"column":27}},"loc":{"start":{"line":76,"column":39},"end":{"line":85,"column":1}}},"14":{"name":"(anonymous_28)","decl":{"start":{"line":78,"column":10},"end":{"line":78,"column":11}},"loc":{"start":{"line":78,"column":22},"end":{"line":80,"column":5}}},"15":{"name":"(anonymous_29)","decl":{"start":{"line":81,"column":11},"end":{"line":81,"column":12}},"loc":{"start":{"line":81,"column":19},"end":{"line":84,"column":5}}},"16":{"name":"(anonymous_30)","decl":{"start":{"line":87,"column":41},"end":{"line":87,"column":42}},"loc":{"start":{"line":87,"column":54},"end":{"line":96,"column":1}}},"17":{"name":"(anonymous_31)","decl":{"start":{"line":89,"column":10},"end":{"line":89,"column":13}},"loc":{"start":{"line":89,"column":15},"end":{"line":91,"column":5}}},"18":{"name":"(anonymous_32)","decl":{"start":{"line":92,"column":11},"end":{"line":92,"column":12}},"loc":{"start":{"line":92,"column":19},"end":{"line":95,"column":5}}},"19":{"name":"(anonymous_33)","decl":{"start":{"line":98,"column":28},"end":{"line":98,"column":35}},"loc":{"start":{"line":98,"column":47},"end":{"line":107,"column":2}}},"20":{"name":"(anonymous_34)","decl":{"start":{"line":98,"column":47},"end":{"line":98,"column":null}},"loc":{"start":{"line":98,"column":47},"end":{"line":107,"column":1}}},"21":{"name":"(anonymous_35)","decl":{"start":{"line":100,"column":8},"end":{"line":100,"column":9}},"loc":{"start":{"line":100,"column":20},"end":{"line":102,"column":3}}},"22":{"name":"(anonymous_36)","decl":{"start":{"line":103,"column":9},"end":{"line":103,"column":10}},"loc":{"start":{"line":103,"column":17},"end":{"line":106,"column":3}}}},"branchMap":{},"s":{"0":1,"1":1,"2":1,"3":1,"4":1,"5":1,"6":0,"7":0,"8":1,"9":0,"10":0,"11":0,"12":0,"13":1,"14":0,"15":0,"16":0,"17":0,"18":1,"19":0,"20":0,"21":0,"22":0,"23":0,"24":0,"25":0,"26":0,"27":1,"28":0,"29":0,"30":0,"31":0,"32":0,"33":0,"34":0,"35":0,"36":0,"37":1,"38":0,"39":0,"40":0,"41":0,"42":1,"43":0,"44":0,"45":0,"46":0,"47":1,"48":0,"49":0,"50":0,"51":0,"52":0,"53":1},"f":{"0":1,"1":1,"2":0,"3":0,"4":0,"5":0,"6":0,"7":0,"8":0,"9":0,"10":0,"11":0,"12":0,"13":0,"14":0,"15":0,"16":0,"17":0,"18":0,"19":0,"20":0,"21":0,"22":0},"b":{}}
,"/Users/maxlong/Documents/code/bootCamp/finnal-project/Gamestagram/server/routes/games.ts": {"path":"/Users/maxlong/Documents/code/bootCamp/finnal-project/Gamestagram/server/routes/games.ts","statementMap":{"0":{"start":{"line":1,"column":0},"end":{"line":1,"column":29}},"1":{"start":{"line":3,"column":0},"end":{"line":3,"column":33}},"2":{"start":{"line":5,"column":15},"end":{"line":5,"column":31}},"3":{"start":{"line":7,"column":0},"end":{"line":16,"column":null}},"4":{"start":{"line":8,"column":2},"end":{"line":15,"column":null}},"5":{"start":{"line":10,"column":6},"end":{"line":10,"column":null}},"6":{"start":{"line":13,"column":6},"end":{"line":13,"column":null}},"7":{"start":{"line":14,"column":6},"end":{"line":14,"column":null}},"8":{"start":{"line":18,"column":0},"end":{"line":27,"column":null}},"9":{"start":{"line":19,"column":2},"end":{"line":26,"column":null}},"10":{"start":{"line":21,"column":6},"end":{"line":21,"column":null}},"11":{"start":{"line":24,"column":6},"end":{"line":24,"column":null}},"12":{"start":{"line":25,"column":6},"end":{"line":25,"column":null}},"13":{"start":{"line":30,"column":0},"end":{"line":38,"column":null}},"14":{"start":{"line":30,"column":39},"end":{"line":38,"column":2}},"15":{"start":{"line":31,"column":2},"end":{"line":36,"column":null}},"16":{"start":{"line":32,"column":4},"end":{"line":32,"column":null}},"17":{"start":{"line":33,"column":4},"end":{"line":33,"column":null}},"18":{"start":{"line":35,"column":4},"end":{"line":35,"column":null}},"19":{"start":{"line":40,"column":0},"end":{"line":40,"column":null}}},"fnMap":{"0":{"name":"(anonymous_14)","decl":{"start":{"line":7,"column":16},"end":{"line":7,"column":17}},"loc":{"start":{"line":7,"column":29},"end":{"line":16,"column":1}}},"1":{"name":"(anonymous_15)","decl":{"start":{"line":9,"column":10},"end":{"line":9,"column":11}},"loc":{"start":{"line":9,"column":22},"end":{"line":11,"column":5}}},"2":{"name":"(anonymous_16)","decl":{"start":{"line":12,"column":11},"end":{"line":12,"column":12}},"loc":{"start":{"line":12,"column":19},"end":{"line":15,"column":5}}},"3":{"name":"(anonymous_17)","decl":{"start":{"line":18,"column":19},"end":{"line":18,"column":20}},"loc":{"start":{"line":18,"column":32},"end":{"line":27,"column":1}}},"4":{"name":"(anonymous_18)","decl":{"start":{"line":20,"column":10},"end":{"line":20,"column":11}},"loc":{"start":{"line":20,"column":22},"end":{"line":22,"column":5}}},"5":{"name":"(anonymous_19)","decl":{"start":{"line":23,"column":11},"end":{"line":23,"column":12}},"loc":{"start":{"line":23,"column":19},"end":{"line":26,"column":5}}},"6":{"name":"(anonymous_20)","decl":{"start":{"line":30,"column":20},"end":{"line":30,"column":27}},"loc":{"start":{"line":30,"column":39},"end":{"line":38,"column":2}}},"7":{"name":"(anonymous_21)","decl":{"start":{"line":30,"column":39},"end":{"line":30,"column":null}},"loc":{"start":{"line":30,"column":39},"end":{"line":38,"column":1}}}},"branchMap":{},"s":{"0":1,"1":1,"2":1,"3":1,"4":0,"5":0,"6":0,"7":0,"8":1,"9":0,"10":0,"11":0,"12":0,"13":1,"14":0,"15":0,"16":0,"17":0,"18":0,"19":1},"f":{"0":0,"1":0,"2":0,"3":0,"4":0,"5":0,"6":0,"7":0},"b":{}}
,"/Users/maxlong/Documents/code/bootCamp/finnal-project/Gamestagram/server/routes/sendEmail.ts": {"path":"/Users/maxlong/Documents/code/bootCamp/finnal-project/Gamestagram/server/routes/sendEmail.ts","statementMap":{"0":{"start":{"line":1,"column":0},"end":{"line":1,"column":29}},"1":{"start":{"line":3,"column":0},"end":{"line":3,"column":37}},"2":{"start":{"line":4,"column":15},"end":{"line":4,"column":31}},"3":{"start":{"line":6,"column":0},"end":{"line":15,"column":null}},"4":{"start":{"line":7,"column":2},"end":{"line":14,"column":null}},"5":{"start":{"line":9,"column":6},"end":{"line":9,"column":null}},"6":{"start":{"line":12,"column":6},"end":{"line":12,"column":null}},"7":{"start":{"line":13,"column":6},"end":{"line":13,"column":null}},"8":{"start":{"line":16,"column":0},"end":{"line":16,"column":null}}},"fnMap":{"0":{"name":"(anonymous_7)","decl":{"start":{"line":6,"column":20},"end":{"line":6,"column":21}},"loc":{"start":{"line":6,"column":33},"end":{"line":15,"column":1}}},"1":{"name":"(anonymous_8)","decl":{"start":{"line":8,"column":10},"end":{"line":8,"column":11}},"loc":{"start":{"line":8,"column":22},"end":{"line":10,"column":5}}},"2":{"name":"(anonymous_9)","decl":{"start":{"line":11,"column":11},"end":{"line":11,"column":12}},"loc":{"start":{"line":11,"column":19},"end":{"line":14,"column":5}}}},"branchMap":{},"s":{"0":1,"1":1,"2":1,"3":1,"4":0,"5":0,"6":0,"7":0,"8":1},"f":{"0":0,"1":0,"2":0},"b":{}}
,"/Users/maxlong/Documents/code/bootCamp/finnal-project/Gamestagram/server/routes/users.ts": {"path":"/Users/maxlong/Documents/code/bootCamp/finnal-project/Gamestagram/server/routes/users.ts","statementMap":{"0":{"start":{"line":1,"column":0},"end":{"line":1,"column":29}},"1":{"start":{"line":3,"column":0},"end":{"line":3,"column":33}},"2":{"start":{"line":5,"column":15},"end":{"line":5,"column":31}},"3":{"start":{"line":7,"column":0},"end":{"line":16,"column":null}},"4":{"start":{"line":8,"column":2},"end":{"line":15,"column":null}},"5":{"start":{"line":10,"column":6},"end":{"line":10,"column":null}},"6":{"start":{"line":13,"column":6},"end":{"line":13,"column":null}},"7":{"start":{"line":14,"column":6},"end":{"line":14,"column":null}},"8":{"start":{"line":18,"column":0},"end":{"line":27,"column":null}},"9":{"start":{"line":19,"column":2},"end":{"line":26,"column":null}},"10":{"start":{"line":21,"column":6},"end":{"line":21,"column":null}},"11":{"start":{"line":24,"column":6},"end":{"line":24,"column":null}},"12":{"start":{"line":25,"column":6},"end":{"line":25,"column":null}},"13":{"start":{"line":29,"column":0},"end":{"line":38,"column":null}},"14":{"start":{"line":30,"column":2},"end":{"line":37,"column":null}},"15":{"start":{"line":32,"column":6},"end":{"line":32,"column":null}},"16":{"start":{"line":35,"column":6},"end":{"line":35,"column":null}},"17":{"start":{"line":36,"column":6},"end":{"line":36,"column":null}},"18":{"start":{"line":40,"column":0},"end":{"line":52,"column":null}},"19":{"start":{"line":41,"column":13},"end":{"line":41,"column":26}},"20":{"start":{"line":42,"column":19},"end":{"line":42,"column":36}},"21":{"start":{"line":44,"column":2},"end":{"line":51,"column":null}},"22":{"start":{"line":46,"column":6},"end":{"line":46,"column":null}},"23":{"start":{"line":49,"column":6},"end":{"line":49,"column":null}},"24":{"start":{"line":50,"column":6},"end":{"line":50,"column":null}},"25":{"start":{"line":54,"column":0},"end":{"line":63,"column":null}},"26":{"start":{"line":55,"column":2},"end":{"line":62,"column":null}},"27":{"start":{"line":57,"column":6},"end":{"line":57,"column":null}},"28":{"start":{"line":60,"column":6},"end":{"line":60,"column":null}},"29":{"start":{"line":61,"column":6},"end":{"line":61,"column":null}},"30":{"start":{"line":65,"column":0},"end":{"line":65,"column":null}}},"fnMap":{"0":{"name":"(anonymous_7)","decl":{"start":{"line":7,"column":16},"end":{"line":7,"column":17}},"loc":{"start":{"line":7,"column":29},"end":{"line":16,"column":1}}},"1":{"name":"(anonymous_8)","decl":{"start":{"line":9,"column":10},"end":{"line":9,"column":11}},"loc":{"start":{"line":9,"column":22},"end":{"line":11,"column":5}}},"2":{"name":"(anonymous_9)","decl":{"start":{"line":12,"column":11},"end":{"line":12,"column":12}},"loc":{"start":{"line":12,"column":19},"end":{"line":15,"column":5}}},"3":{"name":"(anonymous_10)","decl":{"start":{"line":18,"column":19},"end":{"line":18,"column":20}},"loc":{"start":{"line":18,"column":32},"end":{"line":27,"column":1}}},"4":{"name":"(anonymous_11)","decl":{"start":{"line":20,"column":10},"end":{"line":20,"column":11}},"loc":{"start":{"line":20,"column":22},"end":{"line":22,"column":5}}},"5":{"name":"(anonymous_12)","decl":{"start":{"line":23,"column":11},"end":{"line":23,"column":12}},"loc":{"start":{"line":23,"column":19},"end":{"line":26,"column":5}}},"6":{"name":"(anonymous_13)","decl":{"start":{"line":29,"column":20},"end":{"line":29,"column":21}},"loc":{"start":{"line":29,"column":33},"end":{"line":38,"column":1}}},"7":{"name":"(anonymous_14)","decl":{"start":{"line":31,"column":10},"end":{"line":31,"column":11}},"loc":{"start":{"line":31,"column":22},"end":{"line":33,"column":5}}},"8":{"name":"(anonymous_15)","decl":{"start":{"line":34,"column":11},"end":{"line":34,"column":12}},"loc":{"start":{"line":34,"column":19},"end":{"line":37,"column":5}}},"9":{"name":"(anonymous_16)","decl":{"start":{"line":40,"column":21},"end":{"line":40,"column":22}},"loc":{"start":{"line":40,"column":34},"end":{"line":52,"column":1}}},"10":{"name":"(anonymous_17)","decl":{"start":{"line":45,"column":10},"end":{"line":45,"column":13}},"loc":{"start":{"line":45,"column":15},"end":{"line":47,"column":5}}},"11":{"name":"(anonymous_18)","decl":{"start":{"line":48,"column":11},"end":{"line":48,"column":12}},"loc":{"start":{"line":48,"column":19},"end":{"line":51,"column":5}}},"12":{"name":"(anonymous_19)","decl":{"start":{"line":54,"column":25},"end":{"line":54,"column":26}},"loc":{"start":{"line":54,"column":38},"end":{"line":63,"column":1}}},"13":{"name":"(anonymous_20)","decl":{"start":{"line":56,"column":10},"end":{"line":56,"column":11}},"loc":{"start":{"line":56,"column":22},"end":{"line":58,"column":5}}},"14":{"name":"(anonymous_21)","decl":{"start":{"line":59,"column":11},"end":{"line":59,"column":12}},"loc":{"start":{"line":59,"column":19},"end":{"line":62,"column":5}}}},"branchMap":{},"s":{"0":1,"1":1,"2":1,"3":1,"4":0,"5":0,"6":0,"7":0,"8":1,"9":0,"10":0,"11":0,"12":0,"13":1,"14":0,"15":0,"16":0,"17":0,"18":1,"19":0,"20":0,"21":0,"22":0,"23":0,"24":0,"25":1,"26":0,"27":0,"28":0,"29":0,"30":1},"f":{"0":0,"1":0,"2":0,"3":0,"4":0,"5":0,"6":0,"7":0,"8":0,"9":0,"10":0,"11":0,"12":0,"13":0,"14":0},"b":{}}
}
