TN:
SF:client/components/Footer.tsx
FN:2,Footer
FNF:1
FNH:1
FNDA:1,Footer
DA:2,1
DA:3,1
LF:2
LH:2
BRF:0
BRH:0
end_of_record
TN:
SF:client/components/GameCard.tsx
FN:5,GameCard
FN:6,filterOutTags
FNF:2
FNH:2
FNDA:3,GameCard
FNDA:3,filterOutTags
DA:2,1
DA:8,3
DA:9,3
DA:13,3
DA:41,1
LF:5
LH:5
BRF:0
BRH:0
end_of_record
TN:
SF:client/components/subcomponents/ImageBanner.tsx
FN:6,ImageBanner
FNF:1
FNH:1
FNDA:1,ImageBanner
DA:6,1
DA:7,1
LF:2
LH:2
BRF:0
BRH:0
end_of_record
TN:
SF:server/server.ts
FN:20,(anonymous_7)
FNF:1
FNH:0
FNDA:0,(anonymous_7)
DA:1,1
DA:2,1
DA:3,1
DA:4,1
DA:5,1
DA:6,1
DA:7,1
DA:8,1
DA:10,1
DA:11,1
DA:12,1
DA:13,1
DA:15,1
DA:16,1
DA:17,1
DA:18,1
DA:20,1
DA:21,0
DA:22,0
DA:25,1
LF:20
LH:18
BRF:0
BRH:0
end_of_record
TN:
SF:server/db/connection.ts
FNF:0
FNH:0
DA:1,3
DA:2,3
DA:5,3
DA:6,3
DA:8,3
LF:5
LH:5
BRDA:5,0,0,3
BRDA:5,0,1,0
BRF:2
BRH:1
end_of_record
TN:
SF:server/db/events.ts
FN:8,getEvents
FN:30,(anonymous_2)
FN:33,getEventsById
FN:61,getEventsByUserId
FN:89,addEvent
FN:95,addUserEvent
FN:102,editEvent
FN:110,cancelUserEvent
FN:114,cancelEvent
FNF:9
FNH:2
FNDA:0,getEvents
FNDA:0,(anonymous_2)
FNDA:1,getEventsById
FNDA:2,getEventsByUserId
FNDA:0,addEvent
FNDA:0,addUserEvent
FNDA:0,editEvent
FNDA:0,cancelUserEvent
FNDA:0,cancelEvent
DA:1,2
DA:5,2
DA:8,2
DA:9,0
DA:30,0
DA:33,2
DA:35,1
DA:61,2
DA:62,2
DA:89,2
DA:90,0
DA:91,0
DA:92,0
DA:95,2
DA:99,0
DA:102,2
DA:107,0
DA:110,2
DA:111,0
DA:114,2
DA:115,0
LF:21
LH:12
BRDA:8,0,0,0
BRDA:33,1,0,0
BRDA:61,2,0,0
BRDA:89,3,0,0
BRDA:97,4,0,0
BRDA:105,5,0,0
BRDA:110,6,0,0
BRDA:114,7,0,0
BRF:8
BRH:0
end_of_record
TN:
SF:server/db/games.ts
FN:4,getGames
FN:15,getGamesByApiId
FN:29,addGame
FNF:3
FNH:0
FNDA:0,getGames
FNDA:0,getGamesByApiId
FNDA:0,addGame
DA:1,1
DA:4,1
DA:5,0
DA:15,1
DA:16,0
DA:29,1
DA:30,0
LF:7
LH:4
BRDA:4,0,0,0
BRDA:15,1,0,0
BRDA:29,2,0,0
BRF:3
BRH:0
end_of_record
TN:
SF:server/db/knexfile.js
FN:11,(anonymous_0)
FN:28,(anonymous_1)
FNF:2
FNH:1
FNDA:0,(anonymous_0)
FNDA:1,(anonymous_1)
DA:1,3
DA:3,3
DA:11,0
DA:28,1
LF:4
LH:3
BRF:0
BRH:0
end_of_record
TN:
SF:server/db/sendEmail.ts
FN:4,sendEmails
FN:9,sendEmail
FN:23,(anonymous_11)
FNF:3
FNH:0
FNDA:0,sendEmails
FNDA:0,sendEmail
FNDA:0,(anonymous_11)
DA:1,1
DA:2,1
DA:4,1
DA:7,0
DA:8,0
DA:10,0
DA:20,0
DA:22,0
DA:23,0
DA:25,0
LF:10
LH:3
BRDA:17,0,0,0
BRDA:17,0,1,0
BRDA:17,1,0,0
BRDA:17,1,1,0
BRDA:17,2,0,0
BRDA:17,2,1,0
BRDA:17,3,0,0
BRDA:17,3,1,0
BRDA:18,4,0,0
BRDA:18,4,1,0
BRDA:18,5,0,0
BRDA:18,5,1,0
BRDA:18,6,0,0
BRDA:18,6,1,0
BRDA:18,7,0,0
BRDA:18,7,1,0
BRDA:22,8,0,0
BRDA:22,8,1,0
BRF:18
BRH:0
end_of_record
TN:
SF:server/db/users.ts
FN:4,getUsers
FN:8,getUsersById
FN:21,addUser
FN:28,getUsersByAuthId
FN:46,updateUserPhoto
FNF:5
FNH:0
FNDA:0,getUsers
FNDA:0,getUsersById
FNDA:0,addUser
FNDA:0,getUsersByAuthId
FNDA:0,updateUserPhoto
DA:1,1
DA:4,1
DA:5,0
DA:8,1
DA:9,0
DA:21,1
DA:22,0
DA:23,0
DA:25,0
DA:28,1
DA:32,0
DA:46,1
DA:47,0
LF:13
LH:6
BRDA:4,0,0,0
BRDA:8,1,0,0
BRDA:21,2,0,0
BRDA:30,3,0,0
BRDA:46,4,0,0
BRF:5
BRH:0
end_of_record
TN:
SF:server/db/migrations/20230413020730_users.js
FN:5,(anonymous_0)
FN:6,(anonymous_1)
FN:21,(anonymous_2)
FNF:3
FNH:2
FNDA:1,(anonymous_0)
FNDA:1,(anonymous_1)
FNDA:0,(anonymous_2)
DA:5,1
DA:6,1
DA:7,1
DA:8,1
DA:9,1
DA:10,1
DA:11,1
DA:12,1
DA:13,1
DA:21,1
DA:22,0
LF:11
LH:10
BRF:0
BRH:0
end_of_record
TN:
SF:server/db/migrations/20230413024138_games.js
FN:5,(anonymous_0)
FN:6,(anonymous_1)
FN:21,(anonymous_2)
FNF:3
FNH:2
FNDA:1,(anonymous_0)
FNDA:1,(anonymous_1)
FNDA:0,(anonymous_2)
DA:5,1
DA:6,1
DA:7,1
DA:8,1
DA:9,1
DA:10,1
DA:11,1
DA:12,1
DA:13,1
DA:21,1
DA:22,0
LF:11
LH:10
BRF:0
BRH:0
end_of_record
TN:
SF:server/db/migrations/20230413031130_events.js
FN:5,(anonymous_0)
FN:6,(anonymous_1)
FN:24,(anonymous_2)
FNF:3
FNH:2
FNDA:1,(anonymous_0)
FNDA:1,(anonymous_1)
FNDA:0,(anonymous_2)
DA:5,1
DA:6,1
DA:7,1
DA:8,1
DA:9,1
DA:10,1
DA:11,1
DA:12,1
DA:13,1
DA:14,1
DA:15,1
DA:16,1
DA:24,1
DA:25,0
LF:14
LH:13
BRF:0
BRH:0
end_of_record
TN:
SF:server/db/migrations/20230413033825_user-event.js
FN:5,(anonymous_0)
FN:6,(anonymous_1)
FN:18,(anonymous_2)
FNF:3
FNH:2
FNDA:1,(anonymous_0)
FNDA:1,(anonymous_1)
FNDA:0,(anonymous_2)
DA:5,1
DA:6,1
DA:7,1
DA:8,1
DA:9,1
DA:10,1
DA:18,1
DA:19,0
LF:8
LH:7
BRF:0
BRH:0
end_of_record
TN:
SF:server/db/seeds/0-clean.js
FN:1,(anonymous_0)
FNF:1
FNH:1
FNDA:3,(anonymous_0)
DA:1,1
DA:2,3
DA:3,3
DA:4,3
DA:5,3
LF:5
LH:5
BRF:0
BRH:0
end_of_record
TN:
SF:server/db/seeds/1-users.js
FN:1,(anonymous_0)
FNF:1
FNH:1
FNDA:3,(anonymous_0)
DA:1,1
DA:2,3
LF:2
LH:2
BRF:0
BRH:0
end_of_record
TN:
SF:server/db/seeds/2-games.js
FN:1,(anonymous_0)
FNF:1
FNH:1
FNDA:3,(anonymous_0)
DA:1,1
DA:2,3
LF:2
LH:2
BRF:0
BRH:0
end_of_record
TN:
SF:server/db/seeds/3-events.js
FN:1,(anonymous_0)
FNF:1
FNH:1
FNDA:3,(anonymous_0)
DA:1,1
DA:2,3
LF:2
LH:2
BRF:0
BRH:0
end_of_record
TN:
SF:server/db/seeds/4-user_event.js
FN:1,(anonymous_0)
FNF:1
FNH:1
FNDA:3,(anonymous_0)
DA:1,1
DA:2,3
LF:2
LH:2
BRF:0
BRH:0
end_of_record
TN:
SF:server/public/formatter.ts
FN:3,createEvent
FN:21,createUser
FN:30,formatEvent
FN:32,(anonymous_3)
FN:38,formatEventList
FN:40,(anonymous_5)
FN:41,(anonymous_6)
FNF:7
FNH:4
FNDA:1,createEvent
FNDA:1,createUser
FNDA:1,formatEvent
FNDA:1,(anonymous_3)
FNDA:0,formatEventList
FNDA:0,(anonymous_5)
FNDA:0,(anonymous_6)
DA:3,2
DA:4,1
DA:21,2
DA:22,1
DA:30,2
DA:32,1
DA:33,1
DA:35,1
DA:38,2
DA:39,0
DA:40,0
DA:41,0
DA:42,0
DA:46,0
LF:14
LH:9
BRDA:33,0,0,1
BRDA:33,0,1,0
BRDA:42,1,0,0
BRDA:42,1,1,0
BRF:4
BRH:1
end_of_record
TN:
SF:server/routes/events.ts
FN:8,(anonymous_14)
FN:10,(anonymous_15)
FN:13,(anonymous_16)
FN:19,(anonymous_17)
FN:21,(anonymous_18)
FN:24,(anonymous_19)
FN:30,(anonymous_20)
FN:32,(anonymous_21)
FN:35,(anonymous_22)
FN:41,(anonymous_23)
FN:41,(anonymous_24)
FN:58,(anonymous_25)
FN:58,(anonymous_26)
FN:76,(anonymous_27)
FN:78,(anonymous_28)
FN:81,(anonymous_29)
FN:87,(anonymous_30)
FN:89,(anonymous_31)
FN:92,(anonymous_32)
FN:98,(anonymous_33)
FN:98,(anonymous_34)
FN:100,(anonymous_35)
FN:103,(anonymous_36)
FNF:23
FNH:2
FNDA:1,(anonymous_14)
FNDA:1,(anonymous_15)
FNDA:0,(anonymous_16)
FNDA:0,(anonymous_17)
FNDA:0,(anonymous_18)
FNDA:0,(anonymous_19)
FNDA:0,(anonymous_20)
FNDA:0,(anonymous_21)
FNDA:0,(anonymous_22)
FNDA:0,(anonymous_23)
FNDA:0,(anonymous_24)
FNDA:0,(anonymous_25)
FNDA:0,(anonymous_26)
FNDA:0,(anonymous_27)
FNDA:0,(anonymous_28)
FNDA:0,(anonymous_29)
FNDA:0,(anonymous_30)
FNDA:0,(anonymous_31)
FNDA:0,(anonymous_32)
FNDA:0,(anonymous_33)
FNDA:0,(anonymous_34)
FNDA:0,(anonymous_35)
FNDA:0,(anonymous_36)
DA:1,1
DA:4,1
DA:6,1
DA:8,1
DA:9,1
DA:11,1
DA:14,0
DA:15,0
DA:19,1
DA:20,0
DA:22,0
DA:25,0
DA:26,0
DA:30,1
DA:31,0
DA:33,0
DA:36,0
DA:37,0
DA:41,1
DA:42,0
DA:43,0
DA:45,0
DA:46,0
DA:51,0
DA:52,0
DA:54,0
DA:58,1
DA:59,0
DA:60,0
DA:61,0
DA:63,0
DA:64,0
DA:69,0
DA:70,0
DA:72,0
DA:76,1
DA:77,0
DA:79,0
DA:82,0
DA:83,0
DA:87,1
DA:88,0
DA:90,0
DA:93,0
DA:94,0
DA:98,1
DA:99,0
DA:101,0
DA:104,0
DA:105,0
DA:109,1
LF:51
LH:14
BRF:0
BRH:0
end_of_record
TN:
SF:server/routes/games.ts
FN:7,(anonymous_14)
FN:9,(anonymous_15)
FN:12,(anonymous_16)
FN:18,(anonymous_17)
FN:20,(anonymous_18)
FN:23,(anonymous_19)
FN:30,(anonymous_20)
FN:30,(anonymous_21)
FNF:8
FNH:0
FNDA:0,(anonymous_14)
FNDA:0,(anonymous_15)
FNDA:0,(anonymous_16)
FNDA:0,(anonymous_17)
FNDA:0,(anonymous_18)
FNDA:0,(anonymous_19)
FNDA:0,(anonymous_20)
FNDA:0,(anonymous_21)
DA:1,1
DA:3,1
DA:5,1
DA:7,1
DA:8,0
DA:10,0
DA:13,0
DA:14,0
DA:18,1
DA:19,0
DA:21,0
DA:24,0
DA:25,0
DA:30,1
DA:31,0
DA:32,0
DA:33,0
DA:35,0
DA:40,1
LF:19
LH:7
BRF:0
BRH:0
end_of_record
TN:
SF:server/routes/sendEmail.ts
FN:6,(anonymous_7)
FN:8,(anonymous_8)
FN:11,(anonymous_9)
FNF:3
FNH:0
FNDA:0,(anonymous_7)
FNDA:0,(anonymous_8)
FNDA:0,(anonymous_9)
DA:1,1
DA:3,1
DA:4,1
DA:6,1
DA:7,0
DA:9,0
DA:12,0
DA:13,0
DA:16,1
LF:9
LH:5
BRF:0
BRH:0
end_of_record
TN:
SF:server/routes/users.ts
FN:7,(anonymous_7)
FN:9,(anonymous_8)
FN:12,(anonymous_9)
FN:18,(anonymous_10)
FN:20,(anonymous_11)
FN:23,(anonymous_12)
FN:29,(anonymous_13)
FN:31,(anonymous_14)
FN:34,(anonymous_15)
FN:40,(anonymous_16)
FN:45,(anonymous_17)
FN:48,(anonymous_18)
FN:54,(anonymous_19)
FN:56,(anonymous_20)
FN:59,(anonymous_21)
FNF:15
FNH:0
FNDA:0,(anonymous_7)
FNDA:0,(anonymous_8)
FNDA:0,(anonymous_9)
FNDA:0,(anonymous_10)
FNDA:0,(anonymous_11)
FNDA:0,(anonymous_12)
FNDA:0,(anonymous_13)
FNDA:0,(anonymous_14)
FNDA:0,(anonymous_15)
FNDA:0,(anonymous_16)
FNDA:0,(anonymous_17)
FNDA:0,(anonymous_18)
FNDA:0,(anonymous_19)
FNDA:0,(anonymous_20)
FNDA:0,(anonymous_21)
DA:1,1
DA:3,1
DA:5,1
DA:7,1
DA:8,0
DA:10,0
DA:13,0
DA:14,0
DA:18,1
DA:19,0
DA:21,0
DA:24,0
DA:25,0
DA:29,1
DA:30,0
DA:32,0
DA:35,0
DA:36,0
DA:40,1
DA:41,0
DA:42,0
DA:44,0
DA:46,0
DA:49,0
DA:50,0
DA:54,1
DA:55,0
DA:57,0
DA:60,0
DA:61,0
DA:65,1
LF:31
LH:9
BRF:0
BRH:0
end_of_record
